#
# There is insufficient memory for the Java Runtime Environment to continue.
# Native memory allocation (malloc) failed to allocate 32744 bytes for Chunk::new
# Possible reasons:
#   The system is out of physical RAM or swap space
#   The process is running with CompressedOops enabled, and the Java Heap may be blocking the growth of the native heap
# Possible solutions:
#   Reduce memory load on the system
#   Increase physical memory or swap space
#   Check if swap backing store is full
#   Decrease Java heap size (-Xmx/-Xms)
#   Decrease number of Java threads
#   Decrease Java thread stack sizes (-Xss)
#   Set larger code cache with -XX:ReservedCodeCacheSize=
#   JVM is running with Unscaled Compressed Oops mode in which the Java heap is
#     placed in the first 4GB address space. The Java Heap base address is the
#     maximum limit for the native heap growth. Please use -XX:HeapBaseMinAddress
#     to set the Java Heap base and to place the Java Heap above 4GB virtual address.
# This output file may be truncated or incomplete.
#
#  Out of Memory Error (arena.cpp:184), pid=19008, tid=20836
#
# JRE version: Java(TM) SE Runtime Environment (19.0.2+7) (build 19.0.2+7-44)
# Java VM: Java HotSpot(TM) 64-Bit Server VM (19.0.2+7-44, mixed mode, sharing, tiered, compressed oops, compressed class ptrs, g1 gc, windows-amd64)
# No core dump will be written. Minidumps are not enabled by default on client versions of Windows
#

---------------  S U M M A R Y ------------

Command Line: -Dfile.encoding=UTF-8 --module-path=C:\Users\USER\OneDrive\Documents\NetBeansProjects\Bank Management System\build\classes bank.management.system.Login

Host: AMD Ryzen 7 4700U with Radeon Graphics         , 8 cores, 7G,  Windows 11 , 64 bit Build 22621 (10.0.22621.1635)
Time: Sun May 28 06:55:48 2023 Bangladesh Standard Time elapsed time: 0.656109 seconds (0d 0h 0m 0s)

---------------  T H R E A D  ---------------

Current thread (0x000002086a5f4ee0):  JavaThread "C2 CompilerThread1" daemon [_thread_in_native, id=20836, stack(0x0000005402600000,0x0000005402700000)]


Current CompileTask:
C2:    656 1207   !   4       sun.font.TrueTypeFont::getTableBuffer (215 bytes)

Stack: [0x0000005402600000,0x0000005402700000]
Native frames: (J=compiled Java code, j=interpreted, Vv=VM code, C=native code)
V  [jvm.dll+0x6ee21a]
V  [jvm.dll+0x85765e]
V  [jvm.dll+0x85904e]
V  [jvm.dll+0x859703]
V  [jvm.dll+0x28298f]
V  [jvm.dll+0xc9adf]
V  [jvm.dll+0xc9e65]
V  [jvm.dll+0x719b09]
V  [jvm.dll+0x1ee367]
V  [jvm.dll+0x24c52b]
V  [jvm.dll+0x24b781]
V  [jvm.dll+0x1d6ce1]
V  [jvm.dll+0x25b25a]
V  [jvm.dll+0x2596e8]
V  [jvm.dll+0x807588]
V  [jvm.dll+0x80125a]
V  [jvm.dll+0x6ecf0b]
C  [ucrtbase.dll+0x29363]
C  [KERNEL32.DLL+0x126ad]
C  [ntdll.dll+0x5a9f8]


---------------  P R O C E S S  ---------------

Threads class SMR info:
_java_thread_list=0x000002086f400e90, length=19, elements={
0x000002086a5d9800, 0x000002086a5da2d0, 0x000002086a5e1050, 0x000002086a5e1980,
0x000002086a5e2450, 0x000002086a5e5540, 0x000002086a5f19f0, 0x000002086a5f7040,
0x000002086a5f9780, 0x000002086e8b4b00, 0x000002086e95a1d0, 0x000002086a5f4ee0,
0x000002086eb18d60, 0x000002086eb229a0, 0x000002086eb25ee0, 0x000002086f2cb410,
0x000002086f305590, 0x000002086f443670, 0x000002084c2756c0
}

Java Threads: ( => current thread )
  0x000002086a5d9800 JavaThread "Reference Handler" daemon [_thread_blocked, id=3400, stack(0x0000005401a00000,0x0000005401b00000)]
  0x000002086a5da2d0 JavaThread "Finalizer" daemon [_thread_blocked, id=2968, stack(0x0000005401b00000,0x0000005401c00000)]
  0x000002086a5e1050 JavaThread "Signal Dispatcher" daemon [_thread_blocked, id=17580, stack(0x0000005401c00000,0x0000005401d00000)]
  0x000002086a5e1980 JavaThread "Attach Listener" daemon [_thread_blocked, id=21244, stack(0x0000005401d00000,0x0000005401e00000)]
  0x000002086a5e2450 JavaThread "Service Thread" daemon [_thread_blocked, id=4144, stack(0x0000005401e00000,0x0000005401f00000)]
  0x000002086a5e5540 JavaThread "Monitor Deflation Thread" daemon [_thread_blocked, id=9464, stack(0x0000005401f00000,0x0000005402000000)]
  0x000002086a5f19f0 JavaThread "C2 CompilerThread0" daemon [_thread_in_native, id=19420, stack(0x0000005402000000,0x0000005402100000)]
  0x000002086a5f7040 JavaThread "C1 CompilerThread0" daemon [_thread_blocked, id=2040, stack(0x0000005402100000,0x0000005402200000)]
  0x000002086a5f9780 JavaThread "Sweeper thread" daemon [_thread_blocked, id=1964, stack(0x0000005402200000,0x0000005402300000)]
  0x000002086e8b4b00 JavaThread "Common-Cleaner" daemon [_thread_blocked, id=5084, stack(0x0000005402300000,0x0000005402400000)]
  0x000002086e95a1d0 JavaThread "Notification Thread" daemon [_thread_blocked, id=12184, stack(0x0000005402400000,0x0000005402500000)]
=>0x000002086a5f4ee0 JavaThread "C2 CompilerThread1" daemon [_thread_in_native, id=20836, stack(0x0000005402600000,0x0000005402700000)]
  0x000002086eb18d60 JavaThread "Java2D Disposer" daemon [_thread_blocked, id=20992, stack(0x0000005402700000,0x0000005402800000)]
  0x000002086eb229a0 JavaThread "AWT-Shutdown" [_thread_blocked, id=3396, stack(0x0000005402800000,0x0000005402900000)]
  0x000002086eb25ee0 JavaThread "AWT-Windows" daemon [_thread_in_native, id=14092, stack(0x0000005402900000,0x0000005402a00000)]
  0x000002086f2cb410 JavaThread "Image Fetcher 0" daemon [_thread_blocked, id=16524, stack(0x0000005403600000,0x0000005403700000)]
  0x000002086f305590 JavaThread "AWT-EventQueue-0" [_thread_in_vm, id=19356, stack(0x0000005403700000,0x0000005403800000)]
  0x000002086f443670 JavaThread "D3D Screen Updater" daemon [_thread_blocked, id=6880, stack(0x0000005403900000,0x0000005403a00000)]
  0x000002084c2756c0 JavaThread "DestroyJavaVM" [_thread_blocked, id=10504, stack(0x0000005401300000,0x0000005401400000)]

Other Threads:
  0x000002086a5c23e0 VMThread "VM Thread" [stack: 0x0000005401900000,0x0000005401a00000] [id=20828]
  0x000002086e95af20 WatcherThread "VM Periodic Task Thread" [stack: 0x0000005402500000,0x0000005402600000] [id=12072]
  0x000002084c2d4590 WorkerThread "GC Thread#0" [stack: 0x0000005401400000,0x0000005401500000] [id=10024]
  0x000002084c2e4270 ConcurrentGCThread "G1 Main Marker" [stack: 0x0000005401500000,0x0000005401600000] [id=2056]
  0x000002084c2e4fa0 WorkerThread "G1 Conc#0" [stack: 0x0000005401600000,0x0000005401700000] [id=21036]
  0x000002086a47d520 ConcurrentGCThread "G1 Refine#0" [stack: 0x0000005401700000,0x0000005401800000] [id=21428]
  0x000002086a47ef10 ConcurrentGCThread "G1 Service" [stack: 0x0000005401800000,0x0000005401900000] [id=20996]

Threads with active compile tasks:
C2 CompilerThread0      683 1231       4       sun.font.TrueTypeFont::initAllNames (182 bytes)
C1 CompilerThread0      683 1278       3       sun.awt.SunToolkit::isInstanceOf (71 bytes)
C2 CompilerThread1      683 1207   !   4       sun.font.TrueTypeFont::getTableBuffer (215 bytes)

VM state: not at safepoint (normal execution)

VM Mutex/Monitor currently owned by a thread:  ([mutex/lock_event])
[0x000002084a1006d0] Metaspace_lock - owner thread: 0x000002086f305590

Heap address: 0x0000000089400000, size: 1900 MB, Compressed Oops mode: 32-bit

CDS archive(s) mapped at: [0x0000000800000000-0x0000000800c40000-0x0000000800c40000), size 12845056, SharedBaseAddress: 0x0000000800000000, ArchiveRelocationMode: 0.
Compressed class space mapped at: 0x0000000801000000-0x0000000841000000, reserved size: 1073741824
Narrow klass base: 0x0000000800000000, Narrow klass shift: 0, Narrow klass range: 0x100000000

GC Precious Log:
 CardTable entry size: 512
 Card Set container configuration: InlinePtr #cards 5 size 8 Array Of Cards #cards 12 size 40 Howl #buckets 4 coarsen threshold 1843 Howl Bitmap #cards 512 size 80 coarsen threshold 460 Card regions per heap region 1 cards per card region 2048
 CPUs: 8 total, 8 available
 Memory: 7599M
 Large Page Support: Disabled
 NUMA Support: Disabled
 Compressed Oops: Enabled (32-bit)
 Heap Region Size: 1M
 Heap Min Capacity: 8M
 Heap Initial Capacity: 120M
 Heap Max Capacity: 1900M
 Pre-touch: Disabled
 Parallel Workers: 8
 Concurrent Workers: 2
 Concurrent Refinement Workers: 8
 Periodic GC: Disabled

Heap:
 garbage-first heap   total 122880K, used 22528K [0x0000000089400000, 0x0000000100000000)
  region size 1024K, 21 young (21504K), 0 survivors (0K)
 Metaspace       used 8362K, committed 8576K, reserved 1114112K
  class space    used 907K, committed 1024K, reserved 1048576K

Heap Regions: E=young(eden), S=young(survivor), O=old, HS=humongous(starts), HC=humongous(continues), CS=collection set, F=free, OA=open archive, CA=closed archive, TAMS=top-at-mark-start (previous, next)
|   0|0x0000000089400000, 0x0000000089500000, 0x0000000089500000|100%|HS|  |TAMS 0x0000000089400000, 0x0000000089400000| Complete 
|   1|0x0000000089500000, 0x0000000089600000, 0x0000000089600000|100%|HC|  |TAMS 0x0000000089500000, 0x0000000089500000| Complete 
|   2|0x0000000089600000, 0x0000000089700000, 0x0000000089700000|100%|HC|  |TAMS 0x0000000089600000, 0x0000000089600000| Complete 
|   3|0x0000000089700000, 0x0000000089700000, 0x0000000089800000|  0%| F|  |TAMS 0x0000000089700000, 0x0000000089700000| Untracked 
|   4|0x0000000089800000, 0x0000000089800000, 0x0000000089900000|  0%| F|  |TAMS 0x0000000089800000, 0x0000000089800000| Untracked 
|   5|0x0000000089900000, 0x0000000089900000, 0x0000000089a00000|  0%| F|  |TAMS 0x0000000089900000, 0x0000000089900000| Untracked 
|   6|0x0000000089a00000, 0x0000000089a00000, 0x0000000089b00000|  0%| F|  |TAMS 0x0000000089a00000, 0x0000000089a00000| Untracked 
|   7|0x0000000089b00000, 0x0000000089b00000, 0x0000000089c00000|  0%| F|  |TAMS 0x0000000089b00000, 0x0000000089b00000| Untracked 
|   8|0x0000000089c00000, 0x0000000089c00000, 0x0000000089d00000|  0%| F|  |TAMS 0x0000000089c00000, 0x0000000089c00000| Untracked 
|   9|0x0000000089d00000, 0x0000000089d00000, 0x0000000089e00000|  0%| F|  |TAMS 0x0000000089d00000, 0x0000000089d00000| Untracked 
|  10|0x0000000089e00000, 0x0000000089e00000, 0x0000000089f00000|  0%| F|  |TAMS 0x0000000089e00000, 0x0000000089e00000| Untracked 
|  11|0x0000000089f00000, 0x0000000089f00000, 0x000000008a000000|  0%| F|  |TAMS 0x0000000089f00000, 0x0000000089f00000| Untracked 
|  12|0x000000008a000000, 0x000000008a000000, 0x000000008a100000|  0%| F|  |TAMS 0x000000008a000000, 0x000000008a000000| Untracked 
|  13|0x000000008a100000, 0x000000008a100000, 0x000000008a200000|  0%| F|  |TAMS 0x000000008a100000, 0x000000008a100000| Untracked 
|  14|0x000000008a200000, 0x000000008a200000, 0x000000008a300000|  0%| F|  |TAMS 0x000000008a200000, 0x000000008a200000| Untracked 
|  15|0x000000008a300000, 0x000000008a300000, 0x000000008a400000|  0%| F|  |TAMS 0x000000008a300000, 0x000000008a300000| Untracked 
|  16|0x000000008a400000, 0x000000008a400000, 0x000000008a500000|  0%| F|  |TAMS 0x000000008a400000, 0x000000008a400000| Untracked 
|  17|0x000000008a500000, 0x000000008a500000, 0x000000008a600000|  0%| F|  |TAMS 0x000000008a500000, 0x000000008a500000| Untracked 
|  18|0x000000008a600000, 0x000000008a600000, 0x000000008a700000|  0%| F|  |TAMS 0x000000008a600000, 0x000000008a600000| Untracked 
|  19|0x000000008a700000, 0x000000008a700000, 0x000000008a800000|  0%| F|  |TAMS 0x000000008a700000, 0x000000008a700000| Untracked 
|  20|0x000000008a800000, 0x000000008a800000, 0x000000008a900000|  0%| F|  |TAMS 0x000000008a800000, 0x000000008a800000| Untracked 
|  21|0x000000008a900000, 0x000000008a900000, 0x000000008aa00000|  0%| F|  |TAMS 0x000000008a900000, 0x000000008a900000| Untracked 
|  22|0x000000008aa00000, 0x000000008aa00000, 0x000000008ab00000|  0%| F|  |TAMS 0x000000008aa00000, 0x000000008aa00000| Untracked 
|  23|0x000000008ab00000, 0x000000008ab00000, 0x000000008ac00000|  0%| F|  |TAMS 0x000000008ab00000, 0x000000008ab00000| Untracked 
|  24|0x000000008ac00000, 0x000000008ac00000, 0x000000008ad00000|  0%| F|  |TAMS 0x000000008ac00000, 0x000000008ac00000| Untracked 
|  25|0x000000008ad00000, 0x000000008ad00000, 0x000000008ae00000|  0%| F|  |TAMS 0x000000008ad00000, 0x000000008ad00000| Untracked 
|  26|0x000000008ae00000, 0x000000008ae00000, 0x000000008af00000|  0%| F|  |TAMS 0x000000008ae00000, 0x000000008ae00000| Untracked 
|  27|0x000000008af00000, 0x000000008af00000, 0x000000008b000000|  0%| F|  |TAMS 0x000000008af00000, 0x000000008af00000| Untracked 
|  28|0x000000008b000000, 0x000000008b000000, 0x000000008b100000|  0%| F|  |TAMS 0x000000008b000000, 0x000000008b000000| Untracked 
|  29|0x000000008b100000, 0x000000008b100000, 0x000000008b200000|  0%| F|  |TAMS 0x000000008b100000, 0x000000008b100000| Untracked 
|  30|0x000000008b200000, 0x000000008b200000, 0x000000008b300000|  0%| F|  |TAMS 0x000000008b200000, 0x000000008b200000| Untracked 
|  31|0x000000008b300000, 0x000000008b300000, 0x000000008b400000|  0%| F|  |TAMS 0x000000008b300000, 0x000000008b300000| Untracked 
|  32|0x000000008b400000, 0x000000008b400000, 0x000000008b500000|  0%| F|  |TAMS 0x000000008b400000, 0x000000008b400000| Untracked 
|  33|0x000000008b500000, 0x000000008b500000, 0x000000008b600000|  0%| F|  |TAMS 0x000000008b500000, 0x000000008b500000| Untracked 
|  34|0x000000008b600000, 0x000000008b600000, 0x000000008b700000|  0%| F|  |TAMS 0x000000008b600000, 0x000000008b600000| Untracked 
|  35|0x000000008b700000, 0x000000008b700000, 0x000000008b800000|  0%| F|  |TAMS 0x000000008b700000, 0x000000008b700000| Untracked 
|  36|0x000000008b800000, 0x000000008b800000, 0x000000008b900000|  0%| F|  |TAMS 0x000000008b800000, 0x000000008b800000| Untracked 
|  37|0x000000008b900000, 0x000000008b900000, 0x000000008ba00000|  0%| F|  |TAMS 0x000000008b900000, 0x000000008b900000| Untracked 
|  38|0x000000008ba00000, 0x000000008ba00000, 0x000000008bb00000|  0%| F|  |TAMS 0x000000008ba00000, 0x000000008ba00000| Untracked 
|  39|0x000000008bb00000, 0x000000008bb00000, 0x000000008bc00000|  0%| F|  |TAMS 0x000000008bb00000, 0x000000008bb00000| Untracked 
|  40|0x000000008bc00000, 0x000000008bc00000, 0x000000008bd00000|  0%| F|  |TAMS 0x000000008bc00000, 0x000000008bc00000| Untracked 
|  41|0x000000008bd00000, 0x000000008bd00000, 0x000000008be00000|  0%| F|  |TAMS 0x000000008bd00000, 0x000000008bd00000| Untracked 
|  42|0x000000008be00000, 0x000000008be00000, 0x000000008bf00000|  0%| F|  |TAMS 0x000000008be00000, 0x000000008be00000| Untracked 
|  43|0x000000008bf00000, 0x000000008bf00000, 0x000000008c000000|  0%| F|  |TAMS 0x000000008bf00000, 0x000000008bf00000| Untracked 
|  44|0x000000008c000000, 0x000000008c000000, 0x000000008c100000|  0%| F|  |TAMS 0x000000008c000000, 0x000000008c000000| Untracked 
|  45|0x000000008c100000, 0x000000008c100000, 0x000000008c200000|  0%| F|  |TAMS 0x000000008c100000, 0x000000008c100000| Untracked 
|  46|0x000000008c200000, 0x000000008c200000, 0x000000008c300000|  0%| F|  |TAMS 0x000000008c200000, 0x000000008c200000| Untracked 
|  47|0x000000008c300000, 0x000000008c300000, 0x000000008c400000|  0%| F|  |TAMS 0x000000008c300000, 0x000000008c300000| Untracked 
|  48|0x000000008c400000, 0x000000008c400000, 0x000000008c500000|  0%| F|  |TAMS 0x000000008c400000, 0x000000008c400000| Untracked 
|  49|0x000000008c500000, 0x000000008c500000, 0x000000008c600000|  0%| F|  |TAMS 0x000000008c500000, 0x000000008c500000| Untracked 
|  50|0x000000008c600000, 0x000000008c600000, 0x000000008c700000|  0%| F|  |TAMS 0x000000008c600000, 0x000000008c600000| Untracked 
|  51|0x000000008c700000, 0x000000008c700000, 0x000000008c800000|  0%| F|  |TAMS 0x000000008c700000, 0x000000008c700000| Untracked 
|  52|0x000000008c800000, 0x000000008c800000, 0x000000008c900000|  0%| F|  |TAMS 0x000000008c800000, 0x000000008c800000| Untracked 
|  53|0x000000008c900000, 0x000000008c900000, 0x000000008ca00000|  0%| F|  |TAMS 0x000000008c900000, 0x000000008c900000| Untracked 
|  54|0x000000008ca00000, 0x000000008ca00000, 0x000000008cb00000|  0%| F|  |TAMS 0x000000008ca00000, 0x000000008ca00000| Untracked 
|  55|0x000000008cb00000, 0x000000008cb00000, 0x000000008cc00000|  0%| F|  |TAMS 0x000000008cb00000, 0x000000008cb00000| Untracked 
|  56|0x000000008cc00000, 0x000000008cc00000, 0x000000008cd00000|  0%| F|  |TAMS 0x000000008cc00000, 0x000000008cc00000| Untracked 
|  57|0x000000008cd00000, 0x000000008cd00000, 0x000000008ce00000|  0%| F|  |TAMS 0x000000008cd00000, 0x000000008cd00000| Untracked 
|  58|0x000000008ce00000, 0x000000008ce00000, 0x000000008cf00000|  0%| F|  |TAMS 0x000000008ce00000, 0x000000008ce00000| Untracked 
|  59|0x000000008cf00000, 0x000000008cf00000, 0x000000008d000000|  0%| F|  |TAMS 0x000000008cf00000, 0x000000008cf00000| Untracked 
|  60|0x000000008d000000, 0x000000008d000000, 0x000000008d100000|  0%| F|  |TAMS 0x000000008d000000, 0x000000008d000000| Untracked 
|  61|0x000000008d100000, 0x000000008d100000, 0x000000008d200000|  0%| F|  |TAMS 0x000000008d100000, 0x000000008d100000| Untracked 
|  62|0x000000008d200000, 0x000000008d200000, 0x000000008d300000|  0%| F|  |TAMS 0x000000008d200000, 0x000000008d200000| Untracked 
|  63|0x000000008d300000, 0x000000008d300000, 0x000000008d400000|  0%| F|  |TAMS 0x000000008d300000, 0x000000008d300000| Untracked 
|  64|0x000000008d400000, 0x000000008d400000, 0x000000008d500000|  0%| F|  |TAMS 0x000000008d400000, 0x000000008d400000| Untracked 
|  65|0x000000008d500000, 0x000000008d500000, 0x000000008d600000|  0%| F|  |TAMS 0x000000008d500000, 0x000000008d500000| Untracked 
|  66|0x000000008d600000, 0x000000008d600000, 0x000000008d700000|  0%| F|  |TAMS 0x000000008d600000, 0x000000008d600000| Untracked 
|  67|0x000000008d700000, 0x000000008d700000, 0x000000008d800000|  0%| F|  |TAMS 0x000000008d700000, 0x000000008d700000| Untracked 
|  68|0x000000008d800000, 0x000000008d800000, 0x000000008d900000|  0%| F|  |TAMS 0x000000008d800000, 0x000000008d800000| Untracked 
|  69|0x000000008d900000, 0x000000008d900000, 0x000000008da00000|  0%| F|  |TAMS 0x000000008d900000, 0x000000008d900000| Untracked 
|  70|0x000000008da00000, 0x000000008da00000, 0x000000008db00000|  0%| F|  |TAMS 0x000000008da00000, 0x000000008da00000| Untracked 
|  71|0x000000008db00000, 0x000000008db00000, 0x000000008dc00000|  0%| F|  |TAMS 0x000000008db00000, 0x000000008db00000| Untracked 
|  72|0x000000008dc00000, 0x000000008dc00000, 0x000000008dd00000|  0%| F|  |TAMS 0x000000008dc00000, 0x000000008dc00000| Untracked 
|  73|0x000000008dd00000, 0x000000008dd00000, 0x000000008de00000|  0%| F|  |TAMS 0x000000008dd00000, 0x000000008dd00000| Untracked 
|  74|0x000000008de00000, 0x000000008de00000, 0x000000008df00000|  0%| F|  |TAMS 0x000000008de00000, 0x000000008de00000| Untracked 
|  75|0x000000008df00000, 0x000000008df00000, 0x000000008e000000|  0%| F|  |TAMS 0x000000008df00000, 0x000000008df00000| Untracked 
|  76|0x000000008e000000, 0x000000008e000000, 0x000000008e100000|  0%| F|  |TAMS 0x000000008e000000, 0x000000008e000000| Untracked 
|  77|0x000000008e100000, 0x000000008e100000, 0x000000008e200000|  0%| F|  |TAMS 0x000000008e100000, 0x000000008e100000| Untracked 
|  78|0x000000008e200000, 0x000000008e200000, 0x000000008e300000|  0%| F|  |TAMS 0x000000008e200000, 0x000000008e200000| Untracked 
|  79|0x000000008e300000, 0x000000008e300000, 0x000000008e400000|  0%| F|  |TAMS 0x000000008e300000, 0x000000008e300000| Untracked 
|  80|0x000000008e400000, 0x000000008e400000, 0x000000008e500000|  0%| F|  |TAMS 0x000000008e400000, 0x000000008e400000| Untracked 
|  81|0x000000008e500000, 0x000000008e500000, 0x000000008e600000|  0%| F|  |TAMS 0x000000008e500000, 0x000000008e500000| Untracked 
|  82|0x000000008e600000, 0x000000008e600000, 0x000000008e700000|  0%| F|  |TAMS 0x000000008e600000, 0x000000008e600000| Untracked 
|  83|0x000000008e700000, 0x000000008e700000, 0x000000008e800000|  0%| F|  |TAMS 0x000000008e700000, 0x000000008e700000| Untracked 
|  84|0x000000008e800000, 0x000000008e800000, 0x000000008e900000|  0%| F|  |TAMS 0x000000008e800000, 0x000000008e800000| Untracked 
|  85|0x000000008e900000, 0x000000008e900000, 0x000000008ea00000|  0%| F|  |TAMS 0x000000008e900000, 0x000000008e900000| Untracked 
|  86|0x000000008ea00000, 0x000000008ea00000, 0x000000008eb00000|  0%| F|  |TAMS 0x000000008ea00000, 0x000000008ea00000| Untracked 
|  87|0x000000008eb00000, 0x000000008eb00000, 0x000000008ec00000|  0%| F|  |TAMS 0x000000008eb00000, 0x000000008eb00000| Untracked 
|  88|0x000000008ec00000, 0x000000008ec00000, 0x000000008ed00000|  0%| F|  |TAMS 0x000000008ec00000, 0x000000008ec00000| Untracked 
|  89|0x000000008ed00000, 0x000000008ed00000, 0x000000008ee00000|  0%| F|  |TAMS 0x000000008ed00000, 0x000000008ed00000| Untracked 
|  90|0x000000008ee00000, 0x000000008ee00000, 0x000000008ef00000|  0%| F|  |TAMS 0x000000008ee00000, 0x000000008ee00000| Untracked 
|  91|0x000000008ef00000, 0x000000008ef00000, 0x000000008f000000|  0%| F|  |TAMS 0x000000008ef00000, 0x000000008ef00000| Untracked 
|  92|0x000000008f000000, 0x000000008f000000, 0x000000008f100000|  0%| F|  |TAMS 0x000000008f000000, 0x000000008f000000| Untracked 
|  93|0x000000008f100000, 0x000000008f100000, 0x000000008f200000|  0%| F|  |TAMS 0x000000008f100000, 0x000000008f100000| Untracked 
|  94|0x000000008f200000, 0x000000008f200000, 0x000000008f300000|  0%| F|  |TAMS 0x000000008f200000, 0x000000008f200000| Untracked 
|  95|0x000000008f300000, 0x000000008f300000, 0x000000008f400000|  0%| F|  |TAMS 0x000000008f300000, 0x000000008f300000| Untracked 
|  96|0x000000008f400000, 0x000000008f400000, 0x000000008f500000|  0%| F|  |TAMS 0x000000008f400000, 0x000000008f400000| Untracked 
|  97|0x000000008f500000, 0x000000008f500000, 0x000000008f600000|  0%| F|  |TAMS 0x000000008f500000, 0x000000008f500000| Untracked 
|  98|0x000000008f600000, 0x000000008f600000, 0x000000008f700000|  0%| F|  |TAMS 0x000000008f600000, 0x000000008f600000| Untracked 
|  99|0x000000008f700000, 0x000000008f7ed780, 0x000000008f800000| 92%| E|  |TAMS 0x000000008f700000, 0x000000008f700000| Complete 
| 100|0x000000008f800000, 0x000000008f900000, 0x000000008f900000|100%| E|CS|TAMS 0x000000008f800000, 0x000000008f800000| Complete 
| 101|0x000000008f900000, 0x000000008fa00000, 0x000000008fa00000|100%| E|CS|TAMS 0x000000008f900000, 0x000000008f900000| Complete 
| 102|0x000000008fa00000, 0x000000008fb00000, 0x000000008fb00000|100%| E|CS|TAMS 0x000000008fa00000, 0x000000008fa00000| Complete 
| 103|0x000000008fb00000, 0x000000008fc00000, 0x000000008fc00000|100%| E|CS|TAMS 0x000000008fb00000, 0x000000008fb00000| Complete 
| 104|0x000000008fc00000, 0x000000008fd00000, 0x000000008fd00000|100%| E|CS|TAMS 0x000000008fc00000, 0x000000008fc00000| Complete 
| 105|0x000000008fd00000, 0x000000008fe00000, 0x000000008fe00000|100%| E|CS|TAMS 0x000000008fd00000, 0x000000008fd00000| Complete 
| 106|0x000000008fe00000, 0x000000008ff00000, 0x000000008ff00000|100%| E|CS|TAMS 0x000000008fe00000, 0x000000008fe00000| Complete 
| 107|0x000000008ff00000, 0x0000000090000000, 0x0000000090000000|100%| E|CS|TAMS 0x000000008ff00000, 0x000000008ff00000| Complete 
| 108|0x0000000090000000, 0x0000000090100000, 0x0000000090100000|100%| E|CS|TAMS 0x0000000090000000, 0x0000000090000000| Complete 
| 109|0x0000000090100000, 0x0000000090200000, 0x0000000090200000|100%| E|CS|TAMS 0x0000000090100000, 0x0000000090100000| Complete 
| 110|0x0000000090200000, 0x0000000090300000, 0x0000000090300000|100%| E|CS|TAMS 0x0000000090200000, 0x0000000090200000| Complete 
| 111|0x0000000090300000, 0x0000000090400000, 0x0000000090400000|100%| E|CS|TAMS 0x0000000090300000, 0x0000000090300000| Complete 
| 112|0x0000000090400000, 0x0000000090500000, 0x0000000090500000|100%| E|  |TAMS 0x0000000090400000, 0x0000000090400000| Complete 
| 113|0x0000000090500000, 0x0000000090600000, 0x0000000090600000|100%| E|CS|TAMS 0x0000000090500000, 0x0000000090500000| Complete 
| 114|0x0000000090600000, 0x0000000090700000, 0x0000000090700000|100%| E|CS|TAMS 0x0000000090600000, 0x0000000090600000| Complete 
| 115|0x0000000090700000, 0x0000000090800000, 0x0000000090800000|100%| E|CS|TAMS 0x0000000090700000, 0x0000000090700000| Complete 
| 116|0x0000000090800000, 0x0000000090900000, 0x0000000090900000|100%| E|CS|TAMS 0x0000000090800000, 0x0000000090800000| Complete 
| 117|0x0000000090900000, 0x0000000090a00000, 0x0000000090a00000|100%| E|CS|TAMS 0x0000000090900000, 0x0000000090900000| Complete 
| 118|0x0000000090a00000, 0x0000000090b00000, 0x0000000090b00000|100%| E|CS|TAMS 0x0000000090a00000, 0x0000000090a00000| Complete 
| 119|0x0000000090b00000, 0x0000000090c00000, 0x0000000090c00000|100%| E|CS|TAMS 0x0000000090b00000, 0x0000000090b00000| Complete 

Card table byte_map: [0x00000208638d0000,0x0000020863c90000] _byte_map_base: 0x0000020863486000

Marking Bits (Prev, Next): (CMBitMap*) 0x000002084c2d4bc0, (CMBitMap*) 0x000002084c2d4c00
 Prev Bits: [0x0000020864050000, 0x0000020865e00000)
 Next Bits: [0x0000020865e00000, 0x0000020867bb0000)

Polling page: 0x000002084a220000

Metaspace:

Usage:
  Non-class:      7.28 MB used.
      Class:    907.55 KB used.
       Both:      8.17 MB used.

Virtual space:
  Non-class space:       64.00 MB reserved,       7.38 MB ( 12%) committed,  1 nodes.
      Class space:        1.00 GB reserved,       1.00 MB ( <1%) committed,  1 nodes.
             Both:        1.06 GB reserved,       8.38 MB ( <1%) committed. 

Chunk freelists:
   Non-Class:  492.00 KB
       Class:  3.04 MB
        Both:  3.52 MB

MaxMetaspaceSize: unlimited
CompressedClassSpaceSize: 1.00 GB
Initial GC threshold: 21.00 MB
Current GC threshold: 21.00 MB
CDS: on
MetaspaceReclaimPolicy: balanced
 - commit_granule_bytes: 65536.
 - commit_granule_words: 8192.
 - virtual_space_node_default_size: 8388608.
 - enlarge_chunks_in_place: 1.
 - new_chunks_are_fully_committed: 0.
 - uncommit_free_chunks: 1.
 - use_allocation_guard: 0.


Internal statistics:

num_allocs_failed_limit: 0.
num_arena_births: 154.
num_arena_deaths: 0.
num_vsnodes_births: 2.
num_vsnodes_deaths: 0.
num_space_committed: 134.
num_space_uncommitted: 0.
num_chunks_returned_to_freelist: 0.
num_chunks_taken_from_freelist: 170.
num_chunk_merges: 0.
num_chunk_splits: 115.
num_chunks_enlarged: 74.
num_inconsistent_stats: 0.

CodeHeap 'non-profiled nmethods': size=120000Kb used=370Kb max_used=370Kb free=119630Kb
 bounds [0x000002085bcb0000, 0x000002085bf20000, 0x00000208631e0000]
CodeHeap 'profiled nmethods': size=120000Kb used=2094Kb max_used=2094Kb free=117905Kb
 bounds [0x00000208541e0000, 0x0000020854450000, 0x000002085b710000]
CodeHeap 'non-nmethods': size=5760Kb used=1385Kb max_used=1403Kb free=4374Kb
 bounds [0x000002085b710000, 0x000002085b980000, 0x000002085bcb0000]
 total_blobs=1908 nmethods=1272 adapters=547
 compilation: enabled
              stopped_count=0, restarted_count=0
 full_count=0

Compilation events (20 events):
Event: 0.639 Thread 0x000002086a5f7040 1241       3       java.lang.Integer::compare (20 bytes)
Event: 0.639 Thread 0x000002086a5f7040 nmethod 1241 0x00000208543e2f10 code [0x00000208543e30c0, 0x00000208543e3298]
Event: 0.639 Thread 0x000002086a5f7040 1239       3       java.lang.ref.PhantomReference::<init> (7 bytes)
Event: 0.640 Thread 0x000002086a5f7040 nmethod 1239 0x00000208543e3310 code [0x00000208543e34c0, 0x00000208543e3798]
Event: 0.640 Thread 0x000002086a5f7040 1242       3       sun.java2d.loops.GraphicsPrimitiveMgr$1::compare (13 bytes)
Event: 0.640 Thread 0x000002086a5f7040 nmethod 1242 0x00000208543e3890 code [0x00000208543e3a60, 0x00000208543e3f58]
Event: 0.640 Thread 0x000002086a5f7040 1243       3       sun.java2d.loops.GraphicsPrimitiveMgr$1::compare (18 bytes)
Event: 0.640 Thread 0x000002086a5f7040 nmethod 1243 0x00000208543e4110 code [0x00000208543e42e0, 0x00000208543e4578]
Event: 0.640 Thread 0x000002086a5f7040 1244       3       sun.java2d.loops.GraphicsPrimitiveMgr$2::compare (24 bytes)
Event: 0.640 Thread 0x000002086a5f7040 nmethod 1244 0x00000208543e4690 code [0x00000208543e4860, 0x00000208543e4cd8]
Event: 0.640 Thread 0x000002086a5f7040 1246       1       sun.java2d.loops.CompositeType::getSuperType (5 bytes)
Event: 0.640 Thread 0x000002086a5f7040 nmethod 1246 0x000002085bd0a190 code [0x000002085bd0a320, 0x000002085bd0a3d8]
Event: 0.640 Thread 0x000002086a5f7040 1247       3       java.util.Arrays::binarySearch0 (95 bytes)
Event: 0.640 Thread 0x000002086a5f7040 nmethod 1247 0x00000208543e4e10 code [0x00000208543e5000, 0x00000208543e5438]
Event: 0.640 Thread 0x000002086a5f7040 1248       3       sun.java2d.loops.GraphicsPrimitiveMgr::locate (104 bytes)
Event: 0.641 Thread 0x000002086a5f7040 nmethod 1248 0x00000208543e5610 code [0x00000208543e5860, 0x00000208543e62d8]
Event: 0.641 Thread 0x000002086a5f7040 1249       3       java.util.Arrays::binarySearch (10 bytes)
Event: 0.641 Thread 0x000002086a5f7040 nmethod 1249 0x00000208543e6590 code [0x00000208543e6740, 0x00000208543e6868]
Event: 0.641 Thread 0x000002086a5f7040 1250       1       sun.java2d.loops.SurfaceType::getSuperType (5 bytes)
Event: 0.641 Thread 0x000002086a5f7040 nmethod 1250 0x000002085bd0a490 code [0x000002085bd0a620, 0x000002085bd0a6d8]

GC Heap History (0 events):
No events

Dll operation events (10 events):
Event: 0.006 Loaded shared library C:\Program Files\Java\jdk-19\bin\java.dll
Event: 0.015 Loaded shared library C:\Program Files\Java\jdk-19\bin\jsvml.dll
Event: 0.052 Loaded shared library C:\Program Files\Java\jdk-19\bin\net.dll
Event: 0.053 Loaded shared library C:\Program Files\Java\jdk-19\bin\nio.dll
Event: 0.069 Loaded shared library C:\Program Files\Java\jdk-19\bin\zip.dll
Event: 0.079 Loaded shared library C:\Program Files\Java\jdk-19\bin\jimage.dll
Event: 0.090 Loaded shared library C:\Program Files\Java\jdk-19\bin\awt.dll
Event: 0.281 Loaded shared library C:\Program Files\Java\jdk-19\bin\javajpeg.dll
Event: 0.341 Loaded shared library C:\Program Files\Java\jdk-19\bin\freetype.dll
Event: 0.341 Loaded shared library C:\Program Files\Java\jdk-19\bin\fontmanager.dll

Deoptimization events (20 events):
Event: 0.325 Thread 0x000002086eb25ee0 DEOPT PACKING pc=0x000002085bce62dc sp=0x00000054029fda00
Event: 0.325 Thread 0x000002086eb25ee0 DEOPT UNPACKING pc=0x000002085b776da3 sp=0x00000054029fd9a0 mode 2
Event: 0.347 Thread 0x000002084c2756c0 Uncommon trap: trap_request=0xffffff45 fr.pc=0x000002085bcdf8b0 relative=0x0000000000000210
Event: 0.347 Thread 0x000002084c2756c0 Uncommon trap: reason=unstable_if action=reinterpret pc=0x000002085bcdf8b0 method=java.lang.StringUTF16.compress([CI[BII)I @ 20 c2
Event: 0.347 Thread 0x000002084c2756c0 DEOPT PACKING pc=0x000002085bcdf8b0 sp=0x00000054013fdea0
Event: 0.347 Thread 0x000002084c2756c0 DEOPT UNPACKING pc=0x000002085b776da3 sp=0x00000054013fde20 mode 2
Event: 0.435 Thread 0x000002086f305590 Uncommon trap: trap_request=0xffffff45 fr.pc=0x000002085bcf36e0 relative=0x00000000000004a0
Event: 0.435 Thread 0x000002086f305590 Uncommon trap: reason=unstable_if action=reinterpret pc=0x000002085bcf36e0 method=java.lang.StringLatin1.toLowerCase(Ljava/lang/String;[BLjava/util/Locale;)Ljava/lang/String; @ 43 c2
Event: 0.435 Thread 0x000002086f305590 DEOPT PACKING pc=0x000002085bcf36e0 sp=0x00000054037fcf10
Event: 0.435 Thread 0x000002086f305590 DEOPT UNPACKING pc=0x000002085b776da3 sp=0x00000054037fce80 mode 2
Event: 0.457 Thread 0x000002086f305590 DEOPT PACKING pc=0x000002085420eae7 sp=0x00000054037fcae0
Event: 0.457 Thread 0x000002086f305590 DEOPT UNPACKING pc=0x000002085b777543 sp=0x00000054037fbf00 mode 0
Event: 0.580 Thread 0x000002086f305590 Uncommon trap: trap_request=0xffffff45 fr.pc=0x000002085bcbabb4 relative=0x0000000000000094
Event: 0.580 Thread 0x000002086f305590 Uncommon trap: reason=unstable_if action=reinterpret pc=0x000002085bcbabb4 method=java.lang.String.isLatin1()Z @ 10 c2
Event: 0.580 Thread 0x000002086f305590 DEOPT PACKING pc=0x000002085bcbabb4 sp=0x00000054037fcd20
Event: 0.580 Thread 0x000002086f305590 DEOPT UNPACKING pc=0x000002085b776da3 sp=0x00000054037fcc50 mode 2
Event: 0.589 Thread 0x000002086f305590 Uncommon trap: trap_request=0xffffff45 fr.pc=0x000002085bd04fc0 relative=0x0000000000000400
Event: 0.589 Thread 0x000002086f305590 Uncommon trap: reason=unstable_if action=reinterpret pc=0x000002085bd04fc0 method=java.lang.Character.isSurrogate(C)Z @ 3 c2
Event: 0.589 Thread 0x000002086f305590 DEOPT PACKING pc=0x000002085bd04fc0 sp=0x00000054037fc9e0
Event: 0.589 Thread 0x000002086f305590 DEOPT UNPACKING pc=0x000002085b776da3 sp=0x00000054037fc908 mode 2

Classes loaded (20 events):
Event: 0.637 Loading class sun/font/StandardGlyphVector$GlyphStrike
Event: 0.638 Loading class sun/font/StandardGlyphVector$GlyphStrike done
Event: 0.638 Loading class sun/awt/image/BufImgSurfaceManager
Event: 0.638 Loading class sun/awt/image/BufImgSurfaceManager done
Event: 0.638 Loading class sun/awt/image/BufImgSurfaceData
Event: 0.638 Loading class sun/awt/image/BufImgSurfaceData done
Event: 0.638 Loading class sun/awt/image/BufImgSurfaceData$ICMColorData
Event: 0.638 Loading class sun/awt/image/BufImgSurfaceData$ICMColorData done
Event: 0.638 Loading class sun/java2d/loops/RenderLoops
Event: 0.639 Loading class sun/java2d/loops/RenderLoops done
Event: 0.639 Loading class sun/java2d/loops/GraphicsPrimitiveMgr$PrimitiveSpec
Event: 0.639 Loading class sun/java2d/loops/GraphicsPrimitiveMgr$PrimitiveSpec done
Event: 0.640 Loading class sun/java2d/loops/DrawGlyphListColor
Event: 0.641 Loading class sun/java2d/loops/DrawGlyphListColor done
Event: 0.641 Loading class sun/java2d/loops/DrawGlyphListColor$General
Event: 0.641 Loading class sun/java2d/loops/DrawGlyphListColor$General done
Event: 0.641 Loading class sun/java2d/loops/Blit$GeneralMaskBlit
Event: 0.641 Loading class sun/java2d/loops/Blit$GeneralMaskBlit done
Event: 0.641 Loading class sun/java2d/d3d/D3DSurfaceDataProxy
Event: 0.641 Loading class sun/java2d/d3d/D3DSurfaceDataProxy done

Classes unloaded (0 events):
No events

Classes redefined (0 events):
No events

Internal exceptions (17 events):
Event: 0.055 Thread 0x000002084c2756c0 Exception <a 'sun/nio/fs/WindowsException'{0x0000000090a45200}> (0x0000000090a45200) 
thrown [s\open\src\hotspot\share\prims\jni.cpp, line 517]
Event: 0.055 Thread 0x000002084c2756c0 Exception <a 'sun/nio/fs/WindowsException'{0x0000000090a457a8}> (0x0000000090a457a8) 
thrown [s\open\src\hotspot\share\prims\jni.cpp, line 517]
Event: 0.056 Thread 0x000002084c2756c0 Exception <a 'sun/nio/fs/WindowsException'{0x0000000090a48188}> (0x0000000090a48188) 
thrown [s\open\src\hotspot\share\prims\jni.cpp, line 517]
Event: 0.056 Thread 0x000002084c2756c0 Exception <a 'sun/nio/fs/WindowsException'{0x0000000090a48cf0}> (0x0000000090a48cf0) 
thrown [s\open\src\hotspot\share\prims\jni.cpp, line 517]
Event: 0.083 Thread 0x000002084c2756c0 Exception <a 'java/lang/ClassNotFoundException'{0x0000000090994e98}: sun/awt/resources/spi/awtProvider> (0x0000000090994e98) 
thrown [s\open\src\hotspot\share\classfile\systemDictionary.cpp, line 255]
Event: 0.097 Thread 0x000002084c2756c0 Exception <a 'java/io/FileNotFoundException'{0x00000000909ec438}> (0x00000000909ec438) 
thrown [s\open\src\hotspot\share\prims\jni.cpp, line 517]
Event: 0.102 Thread 0x000002084c2756c0 Exception <a 'java/io/FileNotFoundException'{0x0000000090818ec0}> (0x0000000090818ec0) 
thrown [s\open\src\hotspot\share\prims\jni.cpp, line 517]
Event: 0.130 Thread 0x000002084c2756c0 Exception <a 'java/lang/NoSuchMethodError'{0x000000009085d8a0}: 'java.lang.Object java.lang.invoke.DirectMethodHandle$Holder.invokeStaticInit(java.lang.Object)'> (0x000000009085d8a0) 
thrown [s\open\src\hotspot\share\interpreter\linkResolver.cpp, line 774]
Event: 0.199 Thread 0x000002084c2756c0 Exception <a 'java/lang/NoSuchMethodError'{0x000000009073d0b0}: 'void java.lang.invoke.DirectMethodHandle$Holder.invokeSpecial(java.lang.Object, java.lang.Object, java.lang.Object)'> (0x000000009073d0b0) 
thrown [s\open\src\hotspot\share\interpreter\linkResolver.cpp, line 774]
Event: 0.205 Thread 0x000002084c2756c0 Exception <a 'java/lang/NoSuchMethodError'{0x0000000090767bc0}: 'java.lang.Object java.lang.invoke.DirectMethodHandle$Holder.newInvokeSpecial(java.lang.Object, java.lang.Object, java.lang.Object, java.lang.Object, java.lang.Object)'> (0x0000000090767bc0) 
thrown [s\open\src\hotspot\share\interpreter\linkResolver.cpp, line 774]
Event: 0.209 Thread 0x000002084c2756c0 Exception <a 'java/lang/NoSuchMethodError'{0x00000000907994f0}: 'java.lang.Object java.lang.invoke.DirectMethodHandle$Holder.invokeStatic(java.lang.Object, int, java.lang.Object)'> (0x00000000907994f0) 
thrown [s\open\src\hotspot\share\interpreter\linkResolver.cpp, line 774]
Event: 0.227 Thread 0x000002084c2756c0 Exception <a 'java/lang/ClassNotFoundException'{0x00000000906554c0}: com/sun/swing/internal/plaf/metal/resources/spi/metalProvider> (0x00000000906554c0) 
thrown [s\open\src\hotspot\share\classfile\systemDictionary.cpp, line 255]
Event: 0.227 Thread 0x000002084c2756c0 Exception <a 'java/lang/ClassNotFoundException'{0x00000000906593f0}: com/sun/swing/internal/plaf/basic/resources/spi/basicProvider> (0x00000000906593f0) 
thrown [s\open\src\hotspot\share\classfile\systemDictionary.cpp, line 255]
Event: 0.234 Thread 0x000002084c2756c0 Exception <a 'java/lang/NoSuchMethodError'{0x00000000906792d8}: 'int java.lang.invoke.Invokers$Holder.invokeExact_MT(java.lang.Object, java.lang.Object)'> (0x00000000906792d8) 
thrown [s\open\src\hotspot\share\interpreter\linkResolver.cpp, line 774]
Event: 0.282 Thread 0x000002086f2cb410 Exception <a 'java/lang/NoSuchMethodError'{0x0000000090483718}: 'java.lang.Object java.lang.invoke.DirectMethodHandle$Holder.newInvokeSpecial(java.lang.Object, java.lang.Object, java.lang.Object, int, int, int, int, int)'> (0x0000000090483718) 
thrown [s\open\src\hotspot\share\interpreter\linkResolver.cpp, line 774]
Event: 0.325 Thread 0x000002086eb25ee0 Exception <a 'java/lang/NoSuchMethodError'{0x00000000908fbf78}: 'void java.lang.invoke.DirectMethodHandle$Holder.invokeVirtual(java.lang.Object, java.lang.Object)'> (0x00000000908fbf78) 
thrown [s\open\src\hotspot\share\interpreter\linkResolver.cpp, line 774]
Event: 0.338 Thread 0x000002084c2756c0 Exception <a 'java/lang/NoSuchMethodError'{0x00000000906d1e80}: 'void java.lang.invoke.DirectMethodHandle$Holder.invokeStaticInit(java.lang.Object)'> (0x00000000906d1e80) 
thrown [s\open\src\hotspot\share\interpreter\linkResolver.cpp, line 774]

VM Operations (8 events):
Event: 0.057 Executing VM operation: HandshakeAllThreads
Event: 0.057 Executing VM operation: HandshakeAllThreads done
Event: 0.271 Executing VM operation: HandshakeAllThreads
Event: 0.271 Executing VM operation: HandshakeAllThreads done
Event: 0.311 Executing VM operation: HandshakeAllThreads
Event: 0.311 Executing VM operation: HandshakeAllThreads done
Event: 0.567 Executing VM operation: ICBufferFull
Event: 0.568 Executing VM operation: ICBufferFull done

Events (20 events):
Event: 0.026 Thread 0x000002086a5d9800 Thread added: 0x000002086a5d9800
Event: 0.026 Thread 0x000002086a5da2d0 Thread added: 0x000002086a5da2d0
Event: 0.026 Thread 0x000002086a5e1050 Thread added: 0x000002086a5e1050
Event: 0.026 Thread 0x000002086a5e1980 Thread added: 0x000002086a5e1980
Event: 0.026 Thread 0x000002086a5e2450 Thread added: 0x000002086a5e2450
Event: 0.026 Thread 0x000002086a5e5540 Thread added: 0x000002086a5e5540
Event: 0.027 Thread 0x000002086a5f19f0 Thread added: 0x000002086a5f19f0
Event: 0.027 Thread 0x000002086a5f7040 Thread added: 0x000002086a5f7040
Event: 0.027 Thread 0x000002086a5f9780 Thread added: 0x000002086a5f9780
Event: 0.044 Thread 0x000002086e8b4b00 Thread added: 0x000002086e8b4b00
Event: 0.065 Thread 0x000002086e95a1d0 Thread added: 0x000002086e95a1d0
Event: 0.069 Thread 0x000002086a5f4ee0 Thread added: 0x000002086a5f4ee0
Event: 0.131 Thread 0x000002086eb18d60 Thread added: 0x000002086eb18d60
Event: 0.132 Thread 0x000002086eb229a0 Thread added: 0x000002086eb229a0
Event: 0.133 Thread 0x000002086eb25ee0 Thread added: 0x000002086eb25ee0
Event: 0.238 Thread 0x000002086f2cb410 Thread added: 0x000002086f2cb410
Event: 0.325 Thread 0x000002086f305590 Thread added: 0x000002086f305590
Event: 0.394 Thread 0x000002086f443670 Thread added: 0x000002086f443670
Event: 0.395 Thread 0x000002084c2756c0 Thread exited: 0x000002084c2756c0
Event: 0.396 Thread 0x000002084c2756c0 Thread added: 0x000002084c2756c0


Dynamic libraries:
0x00007ff7e1a20000 - 0x00007ff7e1a30000 	C:\Program Files\Java\jdk-19\bin\java.exe
0x00007ffd7fa10000 - 0x00007ffd7fc24000 	C:\WINDOWS\SYSTEM32\ntdll.dll
0x00007ffd7ec00000 - 0x00007ffd7ecc2000 	C:\WINDOWS\System32\KERNEL32.DLL
0x00007ffd7d230000 - 0x00007ffd7d5d3000 	C:\WINDOWS\System32\KERNELBASE.dll
0x00007ffd7cf70000 - 0x00007ffd7d081000 	C:\WINDOWS\System32\ucrtbase.dll
0x00007ffd57590000 - 0x00007ffd575a8000 	C:\Program Files\Java\jdk-19\bin\jli.dll
0x00007ffd71240000 - 0x00007ffd7125b000 	C:\Program Files\Java\jdk-19\bin\VCRUNTIME140.dll
0x00007ffd7eb50000 - 0x00007ffd7ebfe000 	C:\WINDOWS\System32\ADVAPI32.dll
0x00007ffd7e3f0000 - 0x00007ffd7e497000 	C:\WINDOWS\System32\msvcrt.dll
0x00007ffd7db40000 - 0x00007ffd7dbe4000 	C:\WINDOWS\System32\sechost.dll
0x00007ffd7e4d0000 - 0x00007ffd7e5e7000 	C:\WINDOWS\System32\RPCRT4.dll
0x00007ffd7f1f0000 - 0x00007ffd7f39b000 	C:\WINDOWS\System32\USER32.dll
0x00007ffd7d680000 - 0x00007ffd7d6a6000 	C:\WINDOWS\System32\win32u.dll
0x00007ffd7e4a0000 - 0x00007ffd7e4c9000 	C:\WINDOWS\System32\GDI32.dll
0x00007ffd7d090000 - 0x00007ffd7d1a8000 	C:\WINDOWS\System32\gdi32full.dll
0x00007ffd691c0000 - 0x00007ffd6944e000 	C:\WINDOWS\WinSxS\amd64_microsoft.windows.common-controls_6595b64144ccf1df_6.0.22621.1635_none_270f70857386168e\COMCTL32.dll
0x00007ffd7d5e0000 - 0x00007ffd7d67a000 	C:\WINDOWS\System32\msvcp_win.dll
0x00007ffd74260000 - 0x00007ffd7426a000 	C:\WINDOWS\SYSTEM32\VERSION.dll
0x00007ffd7f960000 - 0x00007ffd7f991000 	C:\WINDOWS\System32\IMM32.DLL
0x00007ffd733a0000 - 0x00007ffd733ac000 	C:\Program Files\Java\jdk-19\bin\vcruntime140_1.dll
0x00007ffd1e510000 - 0x00007ffd1e59e000 	C:\Program Files\Java\jdk-19\bin\msvcp140.dll
0x00007ffccbc90000 - 0x00007ffccc950000 	C:\Program Files\Java\jdk-19\bin\server\jvm.dll
0x00007ffd76d00000 - 0x00007ffd76d34000 	C:\WINDOWS\SYSTEM32\WINMM.dll
0x00007ffd777c0000 - 0x00007ffd777c9000 	C:\WINDOWS\SYSTEM32\WSOCK32.dll
0x00007ffd7f170000 - 0x00007ffd7f1e1000 	C:\WINDOWS\System32\WS2_32.dll
0x00007ffd7bf40000 - 0x00007ffd7bf58000 	C:\WINDOWS\SYSTEM32\kernel.appcore.dll
0x00007ffd73350000 - 0x00007ffd7335a000 	C:\Program Files\Java\jdk-19\bin\jimage.dll
0x00007ffd75da0000 - 0x00007ffd75fce000 	C:\WINDOWS\SYSTEM32\DBGHELP.DLL
0x00007ffd7e600000 - 0x00007ffd7e989000 	C:\WINDOWS\System32\combase.dll
0x00007ffd7d7e0000 - 0x00007ffd7d8b7000 	C:\WINDOWS\System32\OLEAUT32.dll
0x00007ffd68910000 - 0x00007ffd68942000 	C:\WINDOWS\SYSTEM32\dbgcore.DLL
0x00007ffd7d1b0000 - 0x00007ffd7d22b000 	C:\WINDOWS\System32\bcryptPrimitives.dll
0x00007ffd4ef90000 - 0x00007ffd4efb6000 	C:\Program Files\Java\jdk-19\bin\java.dll
0x00007ffd3ef70000 - 0x00007ffd3f047000 	C:\Program Files\Java\jdk-19\bin\jsvml.dll
0x00007ffd7dbf0000 - 0x00007ffd7e3ea000 	C:\WINDOWS\System32\SHELL32.dll
0x00007ffd7ae10000 - 0x00007ffd7b6de000 	C:\WINDOWS\SYSTEM32\windows.storage.dll
0x00007ffd7acd0000 - 0x00007ffd7ae0e000 	C:\WINDOWS\SYSTEM32\wintypes.dll
0x00007ffd7f6c0000 - 0x00007ffd7f7b1000 	C:\WINDOWS\System32\SHCORE.dll
0x00007ffd7e990000 - 0x00007ffd7e9ee000 	C:\WINDOWS\System32\shlwapi.dll
0x00007ffd7cd30000 - 0x00007ffd7cd51000 	C:\WINDOWS\SYSTEM32\profapi.dll
0x00007ffd6b540000 - 0x00007ffd6b553000 	C:\Program Files\Java\jdk-19\bin\net.dll
0x00007ffd74dc0000 - 0x00007ffd74ef7000 	C:\WINDOWS\SYSTEM32\WINHTTP.dll
0x00007ffd7c3b0000 - 0x00007ffd7c419000 	C:\WINDOWS\system32\mswsock.dll
0x00007ffd577b0000 - 0x00007ffd577c6000 	C:\Program Files\Java\jdk-19\bin\nio.dll
0x00007ffd575e0000 - 0x00007ffd575f8000 	C:\Program Files\Java\jdk-19\bin\zip.dll
0x00007ffd001d0000 - 0x00007ffd00361000 	C:\Program Files\Java\jdk-19\bin\awt.dll
0x00007ffd7a200000 - 0x00007ffd7a297000 	C:\WINDOWS\SYSTEM32\apphelp.dll
0x00007ffd7a660000 - 0x00007ffd7a68b000 	C:\WINDOWS\system32\DWMAPI.DLL
0x00007ffd7a310000 - 0x00007ffd7a3bb000 	C:\WINDOWS\system32\uxtheme.dll
0x00007ffd26420000 - 0x00007ffd26520000 	C:\WINDOWS\system32\opengl32.dll
0x00007ffd25e30000 - 0x00007ffd25e5d000 	C:\WINDOWS\SYSTEM32\GLU32.dll
0x00007ffd7a4f0000 - 0x00007ffd7a526000 	C:\WINDOWS\SYSTEM32\dxcore.dll
0x00007ffd7da20000 - 0x00007ffd7db3e000 	C:\WINDOWS\System32\MSCTF.dll
0x00007ffd7f7c0000 - 0x00007ffd7f95c000 	C:\WINDOWS\System32\ole32.dll
0x00007ffd282f0000 - 0x00007ffd28499000 	C:\WINDOWS\system32\d3d9.dll
0x00007ffd72760000 - 0x00007ffd72918000 	C:\WINDOWS\System32\DriverStore\FileRepository\u0375185.inf_amd64_73f65969b9079bf6\B375122\aticfx64.dll
0x00007ffd51800000 - 0x00007ffd51834000 	C:\WINDOWS\System32\DriverStore\FileRepository\u0375185.inf_amd64_73f65969b9079bf6\B375122\atiu9p64.dll
0x00007ffd45300000 - 0x00007ffd46054000 	C:\WINDOWS\System32\DriverStore\FileRepository\u0375185.inf_amd64_73f65969b9079bf6\B375122\atiumd64.dll
0x0000000075cd0000 - 0x0000000076b43000 	C:\WINDOWS\System32\DriverStore\FileRepository\u0375185.inf_amd64_73f65969b9079bf6\B375122\atiumd6a.dll
0x00007ffd7ecf0000 - 0x00007ffd7f164000 	C:\WINDOWS\System32\SETUPAPI.dll
0x00007ffd7bd10000 - 0x00007ffd7bd5d000 	C:\WINDOWS\SYSTEM32\POWRPROF.dll
0x00007ffd7bcf0000 - 0x00007ffd7bd03000 	C:\WINDOWS\SYSTEM32\UMPDC.dll
0x00007ffd72730000 - 0x00007ffd72760000 	C:\WINDOWS\SYSTEM32\amdihk64.dll
0x00007ffd75ae0000 - 0x00007ffd75b28000 	C:\WINDOWS\SYSTEM32\directxdatabasehelper.dll
0x00007ffd51bf0000 - 0x00007ffd51c1e000 	C:\Program Files\Java\jdk-19\bin\javajpeg.dll
0x00007ffd1ce10000 - 0x00007ffd1ce96000 	C:\Program Files\Java\jdk-19\bin\freetype.dll
0x00007ffd19a60000 - 0x00007ffd19b26000 	C:\Program Files\Java\jdk-19\bin\fontmanager.dll
0x00007ffd7f600000 - 0x00007ffd7f6b0000 	C:\WINDOWS\System32\clbcatq.dll
0x00007ffd78880000 - 0x00007ffd78a30000 	C:\WINDOWS\SYSTEM32\WindowsCodecs.dll
0x00007ffd66f90000 - 0x00007ffd66fee000 	C:\WINDOWS\system32\dataexchange.dll
0x00007ffd73b00000 - 0x00007ffd73d77000 	C:\WINDOWS\system32\twinapi.appcore.dll
0x00007ffd643f0000 - 0x00007ffd6451d000 	C:\WINDOWS\SYSTEM32\textinputframework.dll

dbghelp: loaded successfully - version: 4.0.5 - missing functions: none
symbol engine: initialized successfully - sym options: 0x614 - pdb path: .;C:\Program Files\Java\jdk-19\bin;C:\WINDOWS\SYSTEM32;C:\WINDOWS\WinSxS\amd64_microsoft.windows.common-controls_6595b64144ccf1df_6.0.22621.1635_none_270f70857386168e;C:\Program Files\Java\jdk-19\bin\server;C:\WINDOWS\System32\DriverStore\FileRepository\u0375185.inf_amd64_73f65969b9079bf6\B375122

VM Arguments:
jvm_args: -Dfile.encoding=UTF-8 --module-path=C:\Users\USER\OneDrive\Documents\NetBeansProjects\Bank Management System\build\classes 
java_command: bank.management.system.Login
java_class_path (initial): C:\Users\USER\OneDrive\Desktop\mysql-connector-j-8.0.33.jar;C:\Users\USER\OneDrive\Documents\NetBeansProjects\Bank Management System\build\classes
Launcher Type: SUN_STANDARD

[Global flags]
     intx CICompilerCount                          = 4                                         {product} {ergonomic}
     uint ConcGCThreads                            = 2                                         {product} {ergonomic}
     uint G1ConcRefinementThreads                  = 8                                         {product} {ergonomic}
   size_t G1HeapRegionSize                         = 1048576                                   {product} {ergonomic}
    uintx GCDrainStackTargetSize                   = 64                                        {product} {ergonomic}
   size_t InitialHeapSize                          = 125829120                                 {product} {ergonomic}
   size_t MarkStackSize                            = 4194304                                   {product} {ergonomic}
   size_t MaxHeapSize                              = 1992294400                                {product} {ergonomic}
   size_t MaxNewSize                               = 1195376640                                {product} {ergonomic}
   size_t MinHeapDeltaBytes                        = 1048576                                   {product} {ergonomic}
   size_t MinHeapSize                              = 8388608                                   {product} {ergonomic}
    uintx NonNMethodCodeHeapSize                   = 5839372                                {pd product} {ergonomic}
    uintx NonProfiledCodeHeapSize                  = 122909434                              {pd product} {ergonomic}
    uintx ProfiledCodeHeapSize                     = 122909434                              {pd product} {ergonomic}
    uintx ReservedCodeCacheSize                    = 251658240                              {pd product} {ergonomic}
     bool SegmentedCodeCache                       = true                                      {product} {ergonomic}
   size_t SoftMaxHeapSize                          = 1992294400                             {manageable} {ergonomic}
     bool UseCompressedClassPointers               = true                           {product lp64_product} {ergonomic}
     bool UseCompressedOops                        = true                           {product lp64_product} {ergonomic}
     bool UseG1GC                                  = true                                      {product} {ergonomic}
     bool UseLargePagesIndividualAllocation        = false                                  {pd product} {ergonomic}

Logging:
Log output configuration:
 #0: stdout all=warning uptime,level,tags foldmultilines=false
 #1: stderr all=off uptime,level,tags foldmultilines=false

Environment Variables:
JAVA_HOME=C:\Program Files\Java\jdk-19
PATH=C:\Program Files\Common Files\Oracle\Java\javapath;C:\WINDOWS\system32;C:\WINDOWS;C:\WINDOWS\System32\Wbem;C:\WINDOWS\System32\WindowsPowerShell\v1.0\;C:\WINDOWS\System32\OpenSSH\;C:\Program Files (x86)\dotnet\;C:\Program Files\Java\jdk-19\bin;C:\Users\USER\AppData\Local\Microsoft\WindowsApps;C:\MinGW\bin
USERNAME=USER
OS=Windows_NT
PROCESSOR_IDENTIFIER=AMD64 Family 23 Model 96 Stepping 1, AuthenticAMD
TMP=C:\Users\USER\AppData\Local\Temp
TEMP=C:\Users\USER\AppData\Local\Temp



---------------  S Y S T E M  ---------------

OS:
 Windows 11 , 64 bit Build 22621 (10.0.22621.1635)
OS uptime: 0 days 21:16 hours

CPU: total 8 (initial active 8) (8 cores per cpu, 1 threads per core) family 23 model 96 stepping 1 microcode 0x0, cx8, cmov, fxsr, mmx, 3dnowpref, sse, sse2, sse3, ssse3, sse4a, sse4.1, sse4.2, popcnt, lzcnt, tsc, tscinvbit, avx, avx2, aes, clmul, bmi1, bmi2, adx, sha, fma, vzeroupper, clflush, clflushopt, rdtscp, rdpid

Memory: 4k page, system-wide physical 7599M (1081M free)
TotalPageFile size 20950M (AvailPageFile size 0M)
current process WorkingSet (physical memory assigned to process): 118M, peak: 118M
current process commit charge ("private bytes"): 270M, peak: 272M

vm_info: Java HotSpot(TM) 64-Bit Server VM (19.0.2+7-44) for windows-amd64 JRE (19.0.2+7-44), built on 2022-11-30T18:02:09Z by "mach5one" with MS VC++ 17.1 (VS2022)

END.
